Building DAG of jobs...
Provided cores: 8
Rules claiming more threads will be scaled down.
Conda environments: ignored
Job stats:
job           count
----------  -------
all               1
fastqc            1
qc_fastp          1
trim_reads        1
total             4

Select jobs to execute...

[Mon Sep  2 17:43:10 2024]
rule fastqc:
    input: C:/Users/Anthony/OneDrive - USherbrooke/Documents/1/171992_SIMG0590_T_totalRNA_sarcoma_43378_S9_L001_R1_001.220405.A00516.AHVHTNDSX2.fastq.gz, C:/Users/Anthony/OneDrive - USherbrooke/Documents/1/171992_SIMG0590_T_totalRNA_sarcoma_43378_S9_L001_R2_001.220405.A00516.AHVHTNDSX2.fastq.gz
    output: data/qc/171992_SIMG0590_T_totalRNA_sarcoma_43378_S9_L001_1_fastqc.html, data/qc/171992_SIMG0590_T_totalRNA_sarcoma_43378_S9_L001_2_fastqc.html
    log: logs/fastqc_171992_SIMG0590_T_totalRNA_sarcoma_43378_S9_L001.log
    jobid: 1
    reason: Missing output files: data/qc/171992_SIMG0590_T_totalRNA_sarcoma_43378_S9_L001_1_fastqc.html, data/qc/171992_SIMG0590_T_totalRNA_sarcoma_43378_S9_L001_2_fastqc.html
    wildcards: id=171992_SIMG0590_T_totalRNA_sarcoma_43378_S9_L001
    threads: 8
    resources: tmpdir=C:\Users\Anthony\AppData\Local\Temp

[Mon Sep  2 17:43:10 2024]
Error in rule fastqc:
    jobid: 1
    input: C:/Users/Anthony/OneDrive - USherbrooke/Documents/1/171992_SIMG0590_T_totalRNA_sarcoma_43378_S9_L001_R1_001.220405.A00516.AHVHTNDSX2.fastq.gz, C:/Users/Anthony/OneDrive - USherbrooke/Documents/1/171992_SIMG0590_T_totalRNA_sarcoma_43378_S9_L001_R2_001.220405.A00516.AHVHTNDSX2.fastq.gz
    output: data/qc/171992_SIMG0590_T_totalRNA_sarcoma_43378_S9_L001_1_fastqc.html, data/qc/171992_SIMG0590_T_totalRNA_sarcoma_43378_S9_L001_2_fastqc.html
    log: logs/fastqc_171992_SIMG0590_T_totalRNA_sarcoma_43378_S9_L001.log (check log file(s) for error details)
    shell:
        fastqc --outdir data/qc --format fastq --threads 8 C:/Users/Anthony/OneDrive - USherbrooke/Documents/1/171992_SIMG0590_T_totalRNA_sarcoma_43378_S9_L001_R1_001.220405.A00516.AHVHTNDSX2.fastq.gz C:/Users/Anthony/OneDrive - USherbrooke/Documents/1/171992_SIMG0590_T_totalRNA_sarcoma_43378_S9_L001_R2_001.220405.A00516.AHVHTNDSX2.fastq.gz &> logs/fastqc_171992_SIMG0590_T_totalRNA_sarcoma_43378_S9_L001.log
        (one of the commands exited with non-zero exit code; note that snakemake uses bash strict mode!)

Shutting down, this might take some time.
Exiting because a job execution failed. Look above for error message
Complete log: .snakemake\log\2024-09-02T174309.830469.snakemake.log
